<?xml version="1.0" encoding="UTF-8"?>
<!-- Generated by org.testng.reporters.JUnitReportReporter -->
<testsuite hostname="DESKTOP-T0QIQT9" failures="0" tests="2" name="Testng.Parallel_Execution" time="42.247" errors="0" timestamp="2023-06-23T11:57:18 IST" skipped="0">
  <testcase classname="Testng.Parallel_Execution" name="exec" time="20.291"/>
  <testcase classname="Testng.Parallel_Execution" name="exec" time="21.956"/>
</testsuite> <!-- Testng.Parallel_Execution -->
