<?xml version="1.0" encoding="UTF-8"?>
<!-- Generated by org.testng.reporters.JUnitReportReporter -->
<testsuite hostname="DESKTOP-T0QIQT9" failures="0" tests="2" name="Testng.Script_02" time="0.016" errors="0" timestamp="2023-06-23T10:13:43 IST" skipped="0">
  <testcase classname="Testng.Script_02" name="test1" time="0.014">
    <system-out>
      <![CDATA[HELLO WORLD]]>
    </system-out>
  </testcase> <!-- test1 -->
  <testcase classname="Testng.Script_02" name="test2" time="0.002">
    <system-out>
      <![CDATA[HELLO INDIA]]>
    </system-out>
  </testcase> <!-- test2 -->
  <system-out>
    <![CDATA[HELLO WORLD
HELLO INDIA]]>
  </system-out>
</testsuite> <!-- Testng.Script_02 -->
