<?xml version="1.0" encoding="UTF-8"?>
<!-- Generated by org.testng.reporters.JUnitReportReporter -->
<testsuite hostname="DESKTOP-T0QIQT9" failures="0" tests="2" name="Data_Provider.Data_Pro" time="8.762" errors="0" timestamp="2023-06-30T10:44:34 IST" skipped="0">
  <testcase classname="Data_Provider.Data_Pro" name="validtest" time="3.838"/>
  <testcase classname="Data_Provider.Data_Pro" name="validtest" time="4.924"/>
</testsuite> <!-- Data_Provider.Data_Pro -->
